TN:
SF:src/person.js
FN:1,mapPerson
FNF:1
FNH:1
FNDA:3,mapPerson
DA:1,1
DA:2,3
DA:3,3
DA:4,3
DA:5,3
DA:6,3
DA:7,3
DA:8,3
DA:9,3
DA:10,3
LF:10
LH:10
BRDA:1,0,0,3
BRF:1
BRH:1
end_of_record
TN:
SF:src/taks.js
FN:1,<instance_members_initializer>
FN:3,save
FN:7,run
FNF:3
FNH:3
FNDA:1,<instance_members_initializer>
FNDA:2,save
FNDA:1,run
DA:1,1
DA:2,1
DA:3,1
DA:4,2
DA:5,2
DA:6,2
DA:7,1
DA:8,1
DA:9,50
DA:10,50
DA:11,0
DA:12,0
DA:13,0
DA:14,0
DA:15,50
DA:16,75
DA:17,2
DA:18,2
DA:19,2
DA:20,75
DA:21,1
DA:22,1
DA:23,1
LF:23
LH:19
BRDA:1,0,0,1
BRDA:3,1,0,2
BRDA:7,2,0,1
BRDA:8,3,0,50
BRDA:10,4,0,0
BRDA:15,5,0,75
BRDA:16,6,0,2
BRF:7
BRH:6
end_of_record
